<?xml version="1.0" encoding="UTF-8"?>
<!-- Generated by org.testng.reporters.JUnitXMLReporter -->
<testsuite ignored="0" hostname="DESKTOP-0RE3VLS" failures="0" tests="4" name="TestNG" time="20.315" errors="0" timestamp="2022-03-30T11:12:22 EDT">
  <testcase classname="Test_Layer.Login_Test" name="Title" time="0.018"/>
  <testcase classname="Test_Layer.Login_Test" name="Login" time="3.176"/>
  <testcase classname="Test_Layer.Login_Test" name="Login" time="3.171"/>
  <testcase classname="Test_Layer.Login_Test" name="Login" time="3.167"/>
</testsuite> <!-- TestNG -->
