<?xml version="1.0" encoding="UTF-8"?>
<!-- Generated by org.testng.reporters.JUnitXMLReporter -->
<testsuite ignored="0" hostname="DESKTOP-0RE3VLS" failures="0" tests="4" name="Default test" time="17.911" errors="0" timestamp="2022-03-30T11:04:54 EDT">
  <testcase classname="Test_Layer.Login_Test" name="Title" time="0.014"/>
  <testcase classname="Test_Layer.Login_Test" name="Login" time="3.184"/>
  <testcase classname="Test_Layer.Login_Test" name="Login" time="3.171"/>
  <testcase classname="Test_Layer.Login_Test" name="Login" time="3.179"/>
</testsuite> <!-- Default test -->
