<?xml version="1.0" encoding="UTF-8"?>
<testng-results ignored="0" total="4" passed="4" failed="0" skipped="0">
  <reporter-output>
  </reporter-output>
  <suite started-at="2022-03-30T11:12:02 EDT" name="OrangeHRM" finished-at="2022-03-30T11:12:22 EDT" duration-ms="20315">
    <groups>
    </groups>
    <test started-at="2022-03-30T11:12:02 EDT" name="TestNG" finished-at="2022-03-30T11:12:22 EDT" duration-ms="20315">
      <class name="Test_Layer.Login_Test">
        <test-method is-config="true" signature="initsetup()[pri:0, instance:Test_Layer.Login_Test@6a192cfe]" started-at="2022-03-30T11:12:02 EDT" name="initsetup" finished-at="2022-03-30T11:12:05 EDT" duration-ms="2905" status="PASS">
          <reporter-output>
          </reporter-output>
        </test-method> <!-- initsetup -->
        <test-method signature="Title()[pri:1, instance:Test_Layer.Login_Test@6a192cfe]" started-at="2022-03-30T11:12:05 EDT" name="Title" finished-at="2022-03-30T11:12:05 EDT" duration-ms="18" status="PASS">
          <reporter-output>
          </reporter-output>
        </test-method> <!-- Title -->
        <test-method is-config="true" signature="close()[pri:0, instance:Test_Layer.Login_Test@6a192cfe]" started-at="2022-03-30T11:12:05 EDT" name="close" finished-at="2022-03-30T11:12:05 EDT" duration-ms="143" status="PASS">
          <reporter-output>
          </reporter-output>
        </test-method> <!-- close -->
        <test-method is-config="true" signature="initsetup()[pri:0, instance:Test_Layer.Login_Test@6a192cfe]" started-at="2022-03-30T11:12:06 EDT" name="initsetup" finished-at="2022-03-30T11:12:08 EDT" duration-ms="2146" status="PASS">
          <reporter-output>
          </reporter-output>
        </test-method> <!-- initsetup -->
        <test-method signature="Login(java.lang.String,java.lang.String)[pri:2, instance:Test_Layer.Login_Test@6a192cfe]" started-at="2022-03-30T11:12:08 EDT" name="Login" data-provider="Details" finished-at="2022-03-30T11:12:11 EDT" duration-ms="3176" status="PASS">
          <params>
            <param index="0">
              <value>
                <![CDATA[Admin]]>
              </value>
            </param>
            <param index="1">
              <value>
                <![CDATA[admin123]]>
              </value>
            </param>
          </params>
          <reporter-output>
          </reporter-output>
        </test-method> <!-- Login -->
        <test-method is-config="true" signature="close()[pri:0, instance:Test_Layer.Login_Test@6a192cfe]" started-at="2022-03-30T11:12:11 EDT" name="close" finished-at="2022-03-30T11:12:11 EDT" duration-ms="65" status="PASS">
          <reporter-output>
          </reporter-output>
        </test-method> <!-- close -->
        <test-method is-config="true" signature="initsetup()[pri:0, instance:Test_Layer.Login_Test@6a192cfe]" started-at="2022-03-30T11:12:11 EDT" name="initsetup" finished-at="2022-03-30T11:12:13 EDT" duration-ms="2321" status="PASS">
          <reporter-output>
          </reporter-output>
        </test-method> <!-- initsetup -->
        <test-method signature="Login(java.lang.String,java.lang.String)[pri:2, instance:Test_Layer.Login_Test@6a192cfe]" started-at="2022-03-30T11:12:13 EDT" name="Login" data-provider="Details" finished-at="2022-03-30T11:12:16 EDT" duration-ms="3171" status="PASS">
          <params>
            <param index="0">
              <value>
                <![CDATA[Admin]]>
              </value>
            </param>
            <param index="1">
              <value>
                <![CDATA[abcd]]>
              </value>
            </param>
          </params>
          <reporter-output>
          </reporter-output>
        </test-method> <!-- Login -->
        <test-method is-config="true" signature="close()[pri:0, instance:Test_Layer.Login_Test@6a192cfe]" started-at="2022-03-30T11:12:16 EDT" name="close" finished-at="2022-03-30T11:12:17 EDT" duration-ms="69" status="PASS">
          <reporter-output>
          </reporter-output>
        </test-method> <!-- close -->
        <test-method is-config="true" signature="initsetup()[pri:0, instance:Test_Layer.Login_Test@6a192cfe]" started-at="2022-03-30T11:12:17 EDT" name="initsetup" finished-at="2022-03-30T11:12:19 EDT" duration-ms="2380" status="PASS">
          <reporter-output>
          </reporter-output>
        </test-method> <!-- initsetup -->
        <test-method signature="Login(java.lang.String,java.lang.String)[pri:2, instance:Test_Layer.Login_Test@6a192cfe]" started-at="2022-03-30T11:12:19 EDT" name="Login" data-provider="Details" finished-at="2022-03-30T11:12:22 EDT" duration-ms="3167" status="PASS">
          <params>
            <param index="0">
              <value>
                <![CDATA[scott]]>
              </value>
            </param>
            <param index="1">
              <value>
                <![CDATA[xyz]]>
              </value>
            </param>
          </params>
          <reporter-output>
          </reporter-output>
        </test-method> <!-- Login -->
        <test-method is-config="true" signature="close()[pri:0, instance:Test_Layer.Login_Test@6a192cfe]" started-at="2022-03-30T11:12:22 EDT" name="close" finished-at="2022-03-30T11:12:22 EDT" duration-ms="69" status="PASS">
          <reporter-output>
          </reporter-output>
        </test-method> <!-- close -->
      </class> <!-- Test_Layer.Login_Test -->
    </test> <!-- TestNG -->
  </suite> <!-- OrangeHRM -->
</testng-results>
